# JRE version: OpenJDK Runtime Environment Temurin-21.0.10+7 (21.0.10+7) (build 21.0.10+7-LTS)
# Java VM: OpenJDK 64-Bit Server VM Temurin-21.0.10+7 (21.0.10+7-LTS, mixed mode, sharing, tiered, compressed oops, compressed class ptrs, parallel gc, windows-amd64)
GC Precious Log:
 CardTable entry size: 512
 CPUs: 8 total, 8 available
 Memory: 20218M
 Large Page Support: Disabled
 NUMA Support: Disabled
 Compressed Oops: Enabled (32-bit)
 Alignments: Space 512K, Generation 512K, Heap 2M
 Heap Min Capacity: 100M
 Heap Initial Capacity: 100M
 Heap Max Capacity: 2G
 Pre-touch: Disabled
 Parallel Workers: 8
Heap:
 PSYoungGen      total 7680K, used 6170K [0x00000000d5580000, 0x00000000d6180000, 0x0000000100000000)
  eden space 4096K, 71% used [0x00000000d5580000,0x00000000d5859260,0x00000000d5980000)
  from space 3584K, 90% used [0x00000000d5e00000,0x00000000d612d928,0x00000000d6180000)
  to   space 3584K, 0% used [0x00000000d5a80000,0x00000000d5a80000,0x00000000d5e00000)
 ParOldGen       total 1114624K, used 1114425K [0x0000000080000000, 0x00000000c4080000, 0x00000000d5580000)
  object space 1114624K, 99% used [0x0000000080000000,0x00000000c404e670,0x00000000c4080000)
 Metaspace       used 79237K, committed 80896K, reserved 1179648K
  class space    used 8074K, committed 8832K, reserved 1048576K
GC Heap History (20 events):
Event: 1565.880 GC heap before
{Heap before GC invocations=2228 (full 4):
 PSYoungGen      total 5632K, used 5248K [0x00000000d5580000, 0x00000000d5f80000, 0x0000000100000000)
  eden space 4096K, 100% used [0x00000000d5580000,0x00000000d5980000,0x00000000d5980000)
  from space 1536K, 75% used [0x00000000d5e00000,0x00000000d5f20000,0x00000000d5f80000)
  to   space 2048K, 0% used [0x00000000d5b80000,0x00000000d5b80000,0x00000000d5d80000)
 ParOldGen       total 1103872K, used 1103589K [0x0000000080000000, 0x00000000c3600000, 0x00000000d5580000)
  object space 1103872K, 99% used [0x0000000080000000,0x00000000c35b9788,0x00000000c3600000)
 Metaspace       used 78967K, committed 80640K, reserved 1179648K
  class space    used 8029K, committed 8768K, reserved 1048576K
}
Event: 1565.889 GC heap after
{Heap after GC invocations=2228 (full 4):
 PSYoungGen      total 6144K, used 1922K [0x00000000d5580000, 0x00000000d5e80000, 0x0000000100000000)
  eden space 4096K, 0% used [0x00000000d5580000,0x00000000d5580000,0x00000000d5980000)
  from space 2048K, 93% used [0x00000000d5b80000,0x00000000d5d60b88,0x00000000d5d80000)
  to   space 1024K, 0% used [0x00000000d5d80000,0x00000000d5d80000,0x00000000d5e80000)
 ParOldGen       total 1104896K, used 1104595K [0x0000000080000000, 0x00000000c3700000, 0x00000000d5580000)
  object space 1104896K, 99% used [0x0000000080000000,0x00000000c36b4e20,0x00000000c3700000)
 Metaspace       used 78967K, committed 80640K, reserved 1179648K
  class space    used 8029K, committed 8768K, reserved 1048576K
}
Event: 1566.335 GC heap before
{Heap before GC invocations=2229 (full 4):
 PSYoungGen      total 6144K, used 6018K [0x00000000d5580000, 0x00000000d5e80000, 0x0000000100000000)
  eden space 4096K, 100% used [0x00000000d5580000,0x00000000d5980000,0x00000000d5980000)
  from space 2048K, 93% used [0x00000000d5b80000,0x00000000d5d60b88,0x00000000d5d80000)
  to   space 1024K, 0% used [0x00000000d5d80000,0x00000000d5d80000,0x00000000d5e80000)
 ParOldGen       total 1104896K, used 1104595K [0x0000000080000000, 0x00000000c3700000, 0x00000000d5580000)
  object space 1104896K, 99% used [0x0000000080000000,0x00000000c36b4e20,0x00000000c3700000)
 Metaspace       used 78967K, committed 80640K, reserved 1179648K
  class space    used 8029K, committed 8768K, reserved 1048576K
}
Event: 1566.352 GC heap after
{Heap after GC invocations=2229 (full 4):
 PSYoungGen      total 5120K, used 1002K [0x00000000d5580000, 0x00000000d6180000, 0x0000000100000000)
  eden space 4096K, 0% used [0x00000000d5580000,0x00000000d5580000,0x00000000d5980000)
  from space 1024K, 97% used [0x00000000d5d80000,0x00000000d5e7a820,0x00000000d5e80000)
  to   space 4096K, 0% used [0x00000000d5980000,0x00000000d5980000,0x00000000d5d80000)
 ParOldGen       total 1107456K, used 1107154K [0x0000000080000000, 0x00000000c3980000, 0x00000000d5580000)
  object space 1107456K, 99% used [0x0000000080000000,0x00000000c39349f8,0x00000000c3980000)
 Metaspace       used 78967K, committed 80640K, reserved 1179648K
  class space    used 8029K, committed 8768K, reserved 1048576K
}
Event: 1566.388 GC heap before
{Heap before GC invocations=2230 (full 4):
 PSYoungGen      total 5120K, used 5098K [0x00000000d5580000, 0x00000000d6180000, 0x0000000100000000)
  eden space 4096K, 100% used [0x00000000d5580000,0x00000000d5980000,0x00000000d5980000)
  from space 1024K, 97% used [0x00000000d5d80000,0x00000000d5e7a820,0x00000000d5e80000)
  to   space 4096K, 0% used [0x00000000d5980000,0x00000000d5980000,0x00000000d5d80000)
 ParOldGen       total 1107456K, used 1107154K [0x0000000080000000, 0x00000000c3980000, 0x00000000d5580000)
  object space 1107456K, 99% used [0x0000000080000000,0x00000000c39349f8,0x00000000c3980000)
 Metaspace       used 78967K, committed 80640K, reserved 1179648K
  class space    used 8029K, committed 8768K, reserved 1048576K
}
Event: 1566.406 GC heap after
{Heap after GC invocations=2230 (full 4):
 PSYoungGen      total 5120K, used 528K [0x00000000d5580000, 0x00000000d5e00000, 0x0000000100000000)
  eden space 4096K, 0% used [0x00000000d5580000,0x00000000d5580000,0x00000000d5980000)
  from space 1024K, 51% used [0x00000000d5980000,0x00000000d5a04010,0x00000000d5a80000)
  to   space 2048K, 0% used [0x00000000d5c00000,0x00000000d5c00000,0x00000000d5e00000)
 ParOldGen       total 1108480K, used 1108155K [0x0000000080000000, 0x00000000c3a80000, 0x00000000d5580000)
  object space 1108480K, 99% used [0x0000000080000000,0x00000000c3a2ecb8,0x00000000c3a80000)
 Metaspace       used 78967K, committed 80640K, reserved 1179648K
  class space    used 8029K, committed 8768K, reserved 1048576K
}
Event: 1566.717 GC heap before
{Heap before GC invocations=2231 (full 4):
 PSYoungGen      total 5120K, used 4624K [0x00000000d5580000, 0x00000000d5e00000, 0x0000000100000000)
  eden space 4096K, 100% used [0x00000000d5580000,0x00000000d5980000,0x00000000d5980000)
  from space 1024K, 51% used [0x00000000d5980000,0x00000000d5a04010,0x00000000d5a80000)
  to   space 2048K, 0% used [0x00000000d5c00000,0x00000000d5c00000,0x00000000d5e00000)
 ParOldGen       total 1108480K, used 1108155K [0x0000000080000000, 0x00000000c3a80000, 0x00000000d5580000)
  object space 1108480K, 99% used [0x0000000080000000,0x00000000c3a2ecb8,0x00000000c3a80000)
 Metaspace       used 78968K, committed 80640K, reserved 1179648K
  class space    used 8029K, committed 8768K, reserved 1048576K
}
Event: 1566.725 GC heap after
{Heap after GC invocations=2231 (full 4):
 PSYoungGen      total 4608K, used 496K [0x00000000d5580000, 0x00000000d5c80000, 0x0000000100000000)
  eden space 4096K, 0% used [0x00000000d5580000,0x00000000d5580000,0x00000000d5980000)
  from space 512K, 96% used [0x00000000d5c00000,0x00000000d5c7c030,0x00000000d5c80000)
  to   space 1024K, 0% used [0x00000000d5a80000,0x00000000d5a80000,0x00000000d5b80000)
 ParOldGen       total 1108992K, used 1108507K [0x0000000080000000, 0x00000000c3b00000, 0x00000000d5580000)
  object space 1108992K, 99% used [0x0000000080000000,0x00000000c3a86cd8,0x00000000c3b00000)
 Metaspace       used 78968K, committed 80640K, reserved 1179648K
  class space    used 8029K, committed 8768K, reserved 1048576K
}
Event: 1566.837 GC heap before
{Heap before GC invocations=2232 (full 4):
 PSYoungGen      total 4608K, used 4592K [0x00000000d5580000, 0x00000000d5c80000, 0x0000000100000000)
  eden space 4096K, 100% used [0x00000000d5580000,0x00000000d5980000,0x00000000d5980000)
  from space 512K, 96% used [0x00000000d5c00000,0x00000000d5c7c030,0x00000000d5c80000)
  to   space 1024K, 0% used [0x00000000d5a80000,0x00000000d5a80000,0x00000000d5b80000)
 ParOldGen       total 1108992K, used 1108507K [0x0000000080000000, 0x00000000c3b00000, 0x00000000d5580000)
  object space 1108992K, 99% used [0x0000000080000000,0x00000000c3a86cd8,0x00000000c3b00000)
 Metaspace       used 78968K, committed 80640K, reserved 1179648K
  class space    used 8029K, committed 8768K, reserved 1048576K
}
Event: 1566.848 GC heap after
{Heap after GC invocations=2232 (full 4):
 PSYoungGen      total 5120K, used 560K [0x00000000d5580000, 0x00000000d5c80000, 0x0000000100000000)
  eden space 4096K, 0% used [0x00000000d5580000,0x00000000d5580000,0x00000000d5980000)
  from space 1024K, 54% used [0x00000000d5a80000,0x00000000d5b0c030,0x00000000d5b80000)
  to   space 1024K, 0% used [0x00000000d5b80000,0x00000000d5b80000,0x00000000d5c80000)
 ParOldGen       total 1108992K, used 1108899K [0x0000000080000000, 0x00000000c3b00000, 0x00000000d5580000)
  object space 1108992K, 99% used [0x0000000080000000,0x00000000c3ae8d18,0x00000000c3b00000)
 Metaspace       used 78968K, committed 80640K, reserved 1179648K
  class space    used 8029K, committed 8768K, reserved 1048576K
}
Event: 1567.230 GC heap before
{Heap before GC invocations=2233 (full 4):
 PSYoungGen      total 5120K, used 4656K [0x00000000d5580000, 0x00000000d5c80000, 0x0000000100000000)
  eden space 4096K, 100% used [0x00000000d5580000,0x00000000d5980000,0x00000000d5980000)
  from space 1024K, 54% used [0x00000000d5a80000,0x00000000d5b0c030,0x00000000d5b80000)
  to   space 1024K, 0% used [0x00000000d5b80000,0x00000000d5b80000,0x00000000d5c80000)
 ParOldGen       total 1108992K, used 1108899K [0x0000000080000000, 0x00000000c3b00000, 0x00000000d5580000)
  object space 1108992K, 99% used [0x0000000080000000,0x00000000c3ae8d18,0x00000000c3b00000)
 Metaspace       used 78970K, committed 80640K, reserved 1179648K
  class space    used 8029K, committed 8768K, reserved 1048576K
}
Event: 1567.237 GC heap after
{Heap after GC invocations=2233 (full 4):
 PSYoungGen      total 5120K, used 736K [0x00000000d5580000, 0x00000000d5c80000, 0x0000000100000000)
  eden space 4096K, 0% used [0x00000000d5580000,0x00000000d5580000,0x00000000d5980000)
  from space 1024K, 71% used [0x00000000d5b80000,0x00000000d5c38000,0x00000000d5c80000)
  to   space 1024K, 0% used [0x00000000d5a80000,0x00000000d5a80000,0x00000000d5b80000)
 ParOldGen       total 1109504K, used 1109355K [0x0000000080000000, 0x00000000c3b80000, 0x00000000d5580000)
  object space 1109504K, 99% used [0x0000000080000000,0x00000000c3b5ad58,0x00000000c3b80000)
 Metaspace       used 78970K, committed 80640K, reserved 1179648K
  class space    used 8029K, committed 8768K, reserved 1048576K
}
Event: 1845.151 GC heap before
{Heap before GC invocations=2234 (full 4):
 PSYoungGen      total 5120K, used 4831K [0x00000000d5580000, 0x00000000d5c80000, 0x0000000100000000)
  eden space 4096K, 99% used [0x00000000d5580000,0x00000000d597fd70,0x00000000d5980000)
  from space 1024K, 71% used [0x00000000d5b80000,0x00000000d5c38000,0x00000000d5c80000)
  to   space 1024K, 0% used [0x00000000d5a80000,0x00000000d5a80000,0x00000000d5b80000)
 ParOldGen       total 1109504K, used 1109355K [0x0000000080000000, 0x00000000c3b80000, 0x00000000d5580000)
  object space 1109504K, 99% used [0x0000000080000000,0x00000000c3b5ad58,0x00000000c3b80000)
 Metaspace       used 78980K, committed 80640K, reserved 1179648K
  class space    used 8029K, committed 8768K, reserved 1048576K
}
Event: 1845.156 GC heap after
{Heap after GC invocations=2234 (full 4):
 PSYoungGen      total 5120K, used 368K [0x00000000d5580000, 0x00000000d5c00000, 0x0000000100000000)
  eden space 4096K, 0% used [0x00000000d5580000,0x00000000d5580000,0x00000000d5980000)
  from space 1024K, 35% used [0x00000000d5a80000,0x00000000d5adc010,0x00000000d5b80000)
  to   space 512K, 0% used [0x00000000d5b80000,0x00000000d5b80000,0x00000000d5c00000)
 ParOldGen       total 1110528K, used 1110020K [0x0000000080000000, 0x00000000c3c80000, 0x00000000d5580000)
  object space 1110528K, 99% used [0x0000000080000000,0x00000000c3c01308,0x00000000c3c80000)
 Metaspace       used 78980K, committed 80640K, reserved 1179648K
  class space    used 8029K, committed 8768K, reserved 1048576K
}
Event: 3557.643 GC heap before
{Heap before GC invocations=2235 (full 4):
 PSYoungGen      total 5120K, used 4464K [0x00000000d5580000, 0x00000000d5c00000, 0x0000000100000000)
  eden space 4096K, 100% used [0x00000000d5580000,0x00000000d5980000,0x00000000d5980000)
  from space 1024K, 35% used [0x00000000d5a80000,0x00000000d5adc010,0x00000000d5b80000)
  to   space 512K, 0% used [0x00000000d5b80000,0x00000000d5b80000,0x00000000d5c00000)
 ParOldGen       total 1110528K, used 1110020K [0x0000000080000000, 0x00000000c3c80000, 0x00000000d5580000)
  object space 1110528K, 99% used [0x0000000080000000,0x00000000c3c01308,0x00000000c3c80000)
 Metaspace       used 79156K, committed 80768K, reserved 1179648K
  class space    used 8049K, committed 8768K, reserved 1048576K
}
Event: 3557.652 GC heap after
{Heap after GC invocations=2235 (full 4):
 PSYoungGen      total 4608K, used 487K [0x00000000d5580000, 0x00000000d5c80000, 0x0000000100000000)
  eden space 4096K, 0% used [0x00000000d5580000,0x00000000d5580000,0x00000000d5980000)
  from space 512K, 95% used [0x00000000d5b80000,0x00000000d5bf9d70,0x00000000d5c00000)
  to   space 1536K, 0% used [0x00000000d5980000,0x00000000d5980000,0x00000000d5b00000)
 ParOldGen       total 1111040K, used 1110536K [0x0000000080000000, 0x00000000c3d00000, 0x00000000d5580000)
  object space 1111040K, 99% used [0x0000000080000000,0x00000000c3c82030,0x00000000c3d00000)
 Metaspace       used 79156K, committed 80768K, reserved 1179648K
  class space    used 8049K, committed 8768K, reserved 1048576K
}
Event: 3557.687 GC heap before
{Heap before GC invocations=2236 (full 4):
 PSYoungGen      total 4608K, used 4583K [0x00000000d5580000, 0x00000000d5c80000, 0x0000000100000000)
  eden space 4096K, 100% used [0x00000000d5580000,0x00000000d5980000,0x00000000d5980000)
  from space 512K, 95% used [0x00000000d5b80000,0x00000000d5bf9d70,0x00000000d5c00000)
  to   space 1536K, 0% used [0x00000000d5980000,0x00000000d5980000,0x00000000d5b00000)
 ParOldGen       total 1111040K, used 1110536K [0x0000000080000000, 0x00000000c3d00000, 0x00000000d5580000)
  object space 1111040K, 99% used [0x0000000080000000,0x00000000c3c82030,0x00000000c3d00000)
 Metaspace       used 79156K, committed 80768K, reserved 1179648K
  class space    used 8049K, committed 8768K, reserved 1048576K
}
Event: 3557.691 GC heap after
{Heap after GC invocations=2236 (full 4):
 PSYoungGen      total 5632K, used 1533K [0x00000000d5580000, 0x00000000d6280000, 0x0000000100000000)
  eden space 4096K, 0% used [0x00000000d5580000,0x00000000d5580000,0x00000000d5980000)
  from space 1536K, 99% used [0x00000000d5980000,0x00000000d5aff578,0x00000000d5b00000)
  to   space 4608K, 0% used [0x00000000d5e00000,0x00000000d5e00000,0x00000000d6280000)
 ParOldGen       total 1113088K, used 1112908K [0x0000000080000000, 0x00000000c3f00000, 0x00000000d5580000)
  object space 1113088K, 99% used [0x0000000080000000,0x00000000c3ed3360,0x00000000c3f00000)
 Metaspace       used 79156K, committed 80768K, reserved 1179648K
  class space    used 8049K, committed 8768K, reserved 1048576K
}
Event: 3557.745 GC heap before
{Heap before GC invocations=2237 (full 4):
 PSYoungGen      total 5632K, used 5620K [0x00000000d5580000, 0x00000000d6280000, 0x0000000100000000)
  eden space 4096K, 99% used [0x00000000d5580000,0x00000000d597dc70,0x00000000d5980000)
  from space 1536K, 99% used [0x00000000d5980000,0x00000000d5aff578,0x00000000d5b00000)
  to   space 4608K, 0% used [0x00000000d5e00000,0x00000000d5e00000,0x00000000d6280000)
 ParOldGen       total 1113088K, used 1112908K [0x0000000080000000, 0x00000000c3f00000, 0x00000000d5580000)
  object space 1113088K, 99% used [0x0000000080000000,0x00000000c3ed3360,0x00000000c3f00000)
 Metaspace       used 79156K, committed 80768K, reserved 1179648K
  class space    used 8049K, committed 8768K, reserved 1048576K
}
Event: 3557.751 GC heap after
{Heap after GC invocations=2237 (full 4):
 PSYoungGen      total 7680K, used 3254K [0x00000000d5580000, 0x00000000d6180000, 0x0000000100000000)
  eden space 4096K, 0% used [0x00000000d5580000,0x00000000d5580000,0x00000000d5980000)
  from space 3584K, 90% used [0x00000000d5e00000,0x00000000d612d928,0x00000000d6180000)
  to   space 3584K, 0% used [0x00000000d5a80000,0x00000000d5a80000,0x00000000d5e00000)
 ParOldGen       total 1114624K, used 1114425K [0x0000000080000000, 0x00000000c4080000, 0x00000000d5580000)
  object space 1114624K, 99% used [0x0000000080000000,0x00000000c404e670,0x00000000c4080000)
 Metaspace       used 79156K, committed 80768K, reserved 1179648K
  class space    used 8049K, committed 8768K, reserved 1048576K
}

